<?xml version="1.0" encoding="UTF-8"?>
<testng-results ignored="0" total="2" passed="2" failed="0" skipped="0">
  <reporter-output>
  </reporter-output>
  <suite started-at="2023-02-17T08:11:53 IST" name="Default suite" finished-at="2023-02-17T08:12:08 IST" duration-ms="14516">
    <groups>
    </groups>
    <test started-at="2023-02-17T08:11:53 IST" name="Default test" finished-at="2023-02-17T08:12:08 IST" duration-ms="14516">
      <class name="TestCases.VerifyLogin">
        <test-method is-config="true" signature="geturl()[pri:0, instance:TestCases.VerifyLogin@20deea7f]" started-at="2023-02-17T08:11:53 IST" name="geturl" finished-at="2023-02-17T08:12:00 IST" duration-ms="6487" status="PASS">
          <reporter-output>
          </reporter-output>
        </test-method> <!-- geturl -->
        <test-method signature="login(java.lang.String,java.lang.String)[pri:0, instance:TestCases.VerifyLogin@20deea7f]" started-at="2023-02-17T08:12:00 IST" name="login" data-provider="testData" finished-at="2023-02-17T08:12:01 IST" duration-ms="1099" status="PASS">
          <params>
            <param index="0">
              <value>
                <![CDATA[testuser1]]>
              </value>
            </param>
            <param index="1">
              <value>
                <![CDATA[secure123]]>
              </value>
            </param>
          </params>
          <reporter-output>
          </reporter-output>
        </test-method> <!-- login -->
        <test-method is-config="true" signature="closeBrowser()[pri:0, instance:TestCases.VerifyLogin@20deea7f]" started-at="2023-02-17T08:12:01 IST" name="closeBrowser" finished-at="2023-02-17T08:12:02 IST" duration-ms="533" status="PASS">
          <reporter-output>
          </reporter-output>
        </test-method> <!-- closeBrowser -->
        <test-method is-config="true" signature="geturl()[pri:0, instance:TestCases.VerifyLogin@20deea7f]" started-at="2023-02-17T08:12:02 IST" name="geturl" finished-at="2023-02-17T08:12:06 IST" duration-ms="4430" status="PASS">
          <reporter-output>
          </reporter-output>
        </test-method> <!-- geturl -->
        <test-method signature="login(java.lang.String,java.lang.String)[pri:0, instance:TestCases.VerifyLogin@20deea7f]" started-at="2023-02-17T08:12:06 IST" name="login" data-provider="testData" finished-at="2023-02-17T08:12:08 IST" duration-ms="1588" status="PASS">
          <params>
            <param index="0">
              <value>
                <![CDATA[testuser2]]>
              </value>
            </param>
            <param index="1">
              <value>
                <![CDATA[secure456]]>
              </value>
            </param>
          </params>
          <reporter-output>
          </reporter-output>
        </test-method> <!-- login -->
        <test-method is-config="true" signature="closeBrowser()[pri:0, instance:TestCases.VerifyLogin@20deea7f]" started-at="2023-02-17T08:12:08 IST" name="closeBrowser" finished-at="2023-02-17T08:12:08 IST" duration-ms="291" status="PASS">
          <reporter-output>
          </reporter-output>
        </test-method> <!-- closeBrowser -->
      </class> <!-- TestCases.VerifyLogin -->
    </test> <!-- Default test -->
  </suite> <!-- Default suite -->
</testng-results>
